<?xml version="1.0" encoding="UTF-8"?>
<testng-results ignored="0" total="9" passed="8" failed="1" skipped="0">
  <reporter-output>
  </reporter-output>
  <suite started-at="2022-09-17T19:27:56 IST" name="Suite" finished-at="2022-09-17T19:28:00 IST" duration-ms="3544">
    <groups>
    </groups>
    <test started-at="2022-09-17T19:27:56 IST" name="Test" finished-at="2022-09-17T19:28:00 IST" duration-ms="3544">
      <class name="com.nt.testngDemo2.Demo2">
        <test-method signature="DemoTestngFirst()[pri:0, instance:com.nt.testngDemo2.Demo2@b62d79]" started-at="2022-09-17T19:27:56 IST" name="DemoTestngFirst" finished-at="2022-09-17T19:27:56 IST" duration-ms="17" status="PASS">
          <reporter-output>
          </reporter-output>
        </test-method> <!-- DemoTestngFirst -->
        <test-method signature="DemoTestngFirst1()[pri:0, instance:com.nt.testngDemo2.Demo2@b62d79]" started-at="2022-09-17T19:27:56 IST" name="DemoTestngFirst1" finished-at="2022-09-17T19:27:56 IST" duration-ms="1" status="PASS">
          <reporter-output>
          </reporter-output>
        </test-method> <!-- DemoTestngFirst1 -->
        <test-method signature="DemoTestngFirst2()[pri:0, instance:com.nt.testngDemo2.Demo2@b62d79]" started-at="2022-09-17T19:27:56 IST" name="DemoTestngFirst2" finished-at="2022-09-17T19:27:56 IST" duration-ms="5" status="PASS">
          <reporter-output>
          </reporter-output>
        </test-method> <!-- DemoTestngFirst2 -->
      </class> <!-- com.nt.testngDemo2.Demo2 -->
      <class name="com.nt.TestngDemo3.Demo3">
        <test-method signature="DemoTestngSecond()[pri:0, instance:com.nt.TestngDemo3.Demo3@247d8ae]" started-at="2022-09-17T19:27:56 IST" name="DemoTestngSecond" finished-at="2022-09-17T19:27:56 IST" duration-ms="2" status="PASS">
          <reporter-output>
          </reporter-output>
        </test-method> <!-- DemoTestngSecond -->
        <test-method signature="DemoTestngSecond1()[pri:0, instance:com.nt.TestngDemo3.Demo3@247d8ae]" started-at="2022-09-17T19:27:56 IST" name="DemoTestngSecond1" finished-at="2022-09-17T19:27:56 IST" duration-ms="2" status="PASS">
          <reporter-output>
          </reporter-output>
        </test-method> <!-- DemoTestngSecond1 -->
        <test-method signature="DemoTestngSecond2()[pri:0, instance:com.nt.TestngDemo3.Demo3@247d8ae]" started-at="2022-09-17T19:27:56 IST" name="DemoTestngSecond2" finished-at="2022-09-17T19:27:56 IST" duration-ms="5" status="PASS">
          <reporter-output>
          </reporter-output>
        </test-method> <!-- DemoTestngSecond2 -->
      </class> <!-- com.nt.TestngDemo3.Demo3 -->
      <class name="com.nt.testng1.Demo1">
        <test-method signature="DemoTestng()[pri:0, instance:com.nt.testng1.Demo1@48974e45]" started-at="2022-09-17T19:27:56 IST" name="DemoTestng" finished-at="2022-09-17T19:28:00 IST" duration-ms="3389" status="FAIL">
          <exception class="org.openqa.selenium.WebDriverException">
            <message>
              <![CDATA[unknown error: net::ERR_INTERNET_DISCONNECTED
  (Session info: chrome=105.0.5195.125)
Build info: version: '3.141.59', revision: 'e82be7d358', time: '2018-11-14T08:17:03'
System info: host: 'RUNUBALA', ip: '127.0.0.1', os.name: 'Windows 11', os.arch: 'amd64', os.version: '10.0', java.version: '18.0.1'
Driver info: org.openqa.selenium.chrome.ChromeDriver
Capabilities {acceptInsecureCerts: false, browserName: chrome, browserVersion: 105.0.5195.125, chrome: {chromedriverVersion: 105.0.5195.52 (412c95e51883..., userDataDir: C:\Users\sutar\AppData\Loca...}, goog:chromeOptions: {debuggerAddress: localhost:56033}, javascriptEnabled: true, networkConnectionEnabled: false, pageLoadStrategy: normal, platform: WINDOWS, platformName: WINDOWS, proxy: Proxy(), setWindowRect: true, strictFileInteractability: false, timeouts: {implicit: 0, pageLoad: 300000, script: 30000}, unhandledPromptBehavior: dismiss and notify, webauthn:extension:credBlob: true, webauthn:extension:largeBlob: true, webauthn:virtualAuthenticators: true}
Session ID: d808da933a741f6867ec85deb9cb112f]]>
            </message>
            <full-stacktrace>
              <![CDATA[org.openqa.selenium.WebDriverException: unknown error: net::ERR_INTERNET_DISCONNECTED
  (Session info: chrome=105.0.5195.125)
Build info: version: '3.141.59', revision: 'e82be7d358', time: '2018-11-14T08:17:03'
System info: host: 'RUNUBALA', ip: '127.0.0.1', os.name: 'Windows 11', os.arch: 'amd64', os.version: '10.0', java.version: '18.0.1'
Driver info: org.openqa.selenium.chrome.ChromeDriver
Capabilities {acceptInsecureCerts: false, browserName: chrome, browserVersion: 105.0.5195.125, chrome: {chromedriverVersion: 105.0.5195.52 (412c95e51883..., userDataDir: C:\Users\sutar\AppData\Loca...}, goog:chromeOptions: {debuggerAddress: localhost:56033}, javascriptEnabled: true, networkConnectionEnabled: false, pageLoadStrategy: normal, platform: WINDOWS, platformName: WINDOWS, proxy: Proxy(), setWindowRect: true, strictFileInteractability: false, timeouts: {implicit: 0, pageLoad: 300000, script: 30000}, unhandledPromptBehavior: dismiss and notify, webauthn:extension:credBlob: true, webauthn:extension:largeBlob: true, webauthn:virtualAuthenticators: true}
Session ID: d808da933a741f6867ec85deb9cb112f
at java.base/jdk.internal.reflect.DirectConstructorHandleAccessor.newInstance(DirectConstructorHandleAccessor.java:67)
at java.base/java.lang.reflect.Constructor.newInstanceWithCaller(Constructor.java:499)
at java.base/java.lang.reflect.Constructor.newInstance(Constructor.java:483)
at org.openqa.selenium.remote.http.W3CHttpResponseCodec.createException(W3CHttpResponseCodec.java:187)
at org.openqa.selenium.remote.http.W3CHttpResponseCodec.decode(W3CHttpResponseCodec.java:122)
at org.openqa.selenium.remote.http.W3CHttpResponseCodec.decode(W3CHttpResponseCodec.java:49)
at org.openqa.selenium.remote.HttpCommandExecutor.execute(HttpCommandExecutor.java:158)
at org.openqa.selenium.remote.service.DriverCommandExecutor.execute(DriverCommandExecutor.java:83)
at org.openqa.selenium.remote.RemoteWebDriver.execute(RemoteWebDriver.java:552)
at org.openqa.selenium.remote.RemoteWebDriver.get(RemoteWebDriver.java:277)
at com.nt.testng1.Demo1.DemoTestng(Demo1.java:16)
at java.base/jdk.internal.reflect.DirectMethodHandleAccessor.invoke(DirectMethodHandleAccessor.java:104)
at java.base/java.lang.reflect.Method.invoke(Method.java:577)
at org.testng.internal.MethodInvocationHelper.invokeMethod(MethodInvocationHelper.java:133)
at org.testng.internal.TestInvoker.invokeMethod(TestInvoker.java:598)
at org.testng.internal.TestInvoker.invokeTestMethod(TestInvoker.java:173)
at org.testng.internal.MethodRunner.runInSequence(MethodRunner.java:46)
at org.testng.internal.TestInvoker$MethodInvocationAgent.invoke(TestInvoker.java:824)
at org.testng.internal.TestInvoker.invokeTestMethods(TestInvoker.java:146)
at org.testng.internal.TestMethodWorker.invokeTestMethods(TestMethodWorker.java:146)
at org.testng.internal.TestMethodWorker.run(TestMethodWorker.java:128)
at java.base/java.util.ArrayList.forEach(ArrayList.java:1511)
at org.testng.TestRunner.privateRun(TestRunner.java:794)
at org.testng.TestRunner.run(TestRunner.java:596)
at org.testng.SuiteRunner.runTest(SuiteRunner.java:377)
at org.testng.SuiteRunner.runSequentially(SuiteRunner.java:371)
at org.testng.SuiteRunner.privateRun(SuiteRunner.java:332)
at org.testng.SuiteRunner.run(SuiteRunner.java:276)
at org.testng.SuiteRunnerWorker.runSuite(SuiteRunnerWorker.java:53)
at org.testng.SuiteRunnerWorker.run(SuiteRunnerWorker.java:96)
at org.testng.TestNG.runSuitesSequentially(TestNG.java:1212)
at org.testng.TestNG.runSuitesLocally(TestNG.java:1134)
at org.testng.TestNG.runSuites(TestNG.java:1063)
at org.testng.TestNG.run(TestNG.java:1031)
at org.testng.remote.AbstractRemoteTestNG.run(AbstractRemoteTestNG.java:115)
at org.testng.remote.RemoteTestNG.initAndRun(RemoteTestNG.java:251)
at org.testng.remote.RemoteTestNG.main(RemoteTestNG.java:77)
]]>
            </full-stacktrace>
          </exception> <!-- org.openqa.selenium.WebDriverException -->
          <reporter-output>
          </reporter-output>
        </test-method> <!-- DemoTestng -->
        <test-method signature="DemoTestng1()[pri:0, instance:com.nt.testng1.Demo1@48974e45]" started-at="2022-09-17T19:28:00 IST" name="DemoTestng1" finished-at="2022-09-17T19:28:00 IST" duration-ms="8" status="PASS">
          <reporter-output>
          </reporter-output>
        </test-method> <!-- DemoTestng1 -->
        <test-method signature="DemoTestng2()[pri:0, instance:com.nt.testng1.Demo1@48974e45]" started-at="2022-09-17T19:28:00 IST" name="DemoTestng2" finished-at="2022-09-17T19:28:00 IST" duration-ms="8" status="PASS">
          <reporter-output>
          </reporter-output>
        </test-method> <!-- DemoTestng2 -->
      </class> <!-- com.nt.testng1.Demo1 -->
    </test> <!-- Test -->
  </suite> <!-- Suite -->
</testng-results>
