<?xml version="1.0" encoding="UTF-8"?>
<!-- Generated by org.testng.reporters.JUnitXMLReporter -->
<testsuite ignored="0" hostname="Runubala" failures="2" tests="3" name="Ass_Demo" time="0.063" errors="0" timestamp="2022-09-12T23:02:53 IST">
  <testcase classname="com.nt.partice.Assertion_demo" name="High" time="0.014">
    <failure type="java.lang.AssertionError" message="expected [we are learning english] but found [we are learning english and hindi]">
      <![CDATA[java.lang.AssertionError: expected [we are learning english] but found [we are learning english and hindi]
at com.nt.partice.Assertion_demo.High(Assertion_demo.java:12)
at java.base/java.util.ArrayList.forEach(ArrayList.java:1511)
... Removed 31 stack frames]]>
    </failure>
  </testcase> <!-- High -->
  <testcase classname="com.nt.partice.Assertion_demo" name="low" time="0.0">
    <failure type="java.lang.AssertionError" message="expected [67] but found [10]">
      <![CDATA[java.lang.AssertionError: expected [67] but found [10]
at com.nt.partice.Assertion_demo.low(Assertion_demo.java:26)
at java.base/java.util.ArrayList.forEach(ArrayList.java:1511)
... Removed 31 stack frames]]>
    </failure>
  </testcase> <!-- low -->
  <testcase classname="com.nt.partice.Assertion_demo" name="medium" time="0.003"/>
</testsuite> <!-- Ass_Demo -->
