<?xml version="1.0" encoding="UTF-8"?>
<!-- Generated by org.testng.reporters.JUnitXMLReporter -->
<testsuite ignored="0" hostname="Runubala" failures="0" tests="3" name="Assertion_Demo" time="0.045" errors="0" timestamp="2022-09-12T23:02:53 IST">
  <testcase classname="com.nt.partice.Data_Provider" name="DataMatrix" time="0.013"/>
  <testcase classname="com.nt.partice.Data_Provider" name="DataMatrix" time="0.005"/>
  <testcase classname="com.nt.partice.Data_Provider" name="DataMatrix" time="0.007"/>
</testsuite> <!-- Assertion_Demo -->
