<?xml version="1.0" encoding="UTF-8"?>
<!-- Generated by org.testng.reporters.JUnitXMLReporter -->
<testsuite ignored="0" hostname="Runubala" failures="0" tests="3" name="Default test" time="0.057" errors="0" timestamp="2022-09-12T17:52:34 IST">
  <testcase classname="com.nt.partice.ITest_contextPratice" name="SetUp" time="0.01"/>
  <testcase classname="com.nt.partice.ITest_contextPratice" name="Logic" time="0.005"/>
  <testcase classname="com.nt.partice.ITest_contextPratice" name="Exit" time="0.001"/>
</testsuite> <!-- Default test -->
