<?xml version="1.0" encoding="UTF-8"?>
<!-- Generated by org.testng.reporters.JUnitXMLReporter -->
<testsuite hostname="Runubala" ignored="0" name="Test" tests="9" failures="0" timestamp="17 Sep 2022 14:14:00 GMT" time="14.536" errors="0">
  <testcase name="DemoTestngFirst" time="0.01" classname="com.nt.testngDemo2.Demo2"/>
  <testcase name="DemoTestngFirst1" time="0.001" classname="com.nt.testngDemo2.Demo2"/>
  <testcase name="DemoTestngFirst2" time="0.001" classname="com.nt.testngDemo2.Demo2"/>
  <testcase name="DemoTestngSecond" time="0.0" classname="com.nt.TestngDemo3.Demo3"/>
  <testcase name="DemoTestngSecond1" time="0.001" classname="com.nt.TestngDemo3.Demo3"/>
  <testcase name="DemoTestngSecond2" time="0.004" classname="com.nt.TestngDemo3.Demo3"/>
  <testcase name="DemoTestng" time="14.47" classname="com.nt.testng1.Demo1"/>
  <testcase name="DemoTestng1" time="0.0" classname="com.nt.testng1.Demo1"/>
  <testcase name="DemoTestng2" time="0.0" classname="com.nt.testng1.Demo1"/>
</testsuite> <!-- Test -->
