<?xml version="1.0" encoding="UTF-8"?>
<!-- Generated by org.testng.reporters.JUnitXMLReporter -->
<testsuite ignored="2" hostname="Runubala" failures="0" tests="3" name="Test" time="0.069" errors="0" timestamp="2022-09-13T12:52:04 IST">
  <testcase classname="com.nt.partice.GroupingDemo" name="TC1" time="0.011"/>
  <testcase classname="com.nt.partice.GroupingDemo" name="TC4" time="0.002"/>
  <testcase classname="com.nt.partice.GroupingDemo" name="TC5" time="0.003"/>
  <testcase classname="com.nt.partice.GroupingDemo" name="TC3" time="0.0">
    <ignored/>
  </testcase> <!-- TC3 -->
  <testcase classname="com.nt.partice.GroupingDemo" name="TC2" time="0.0">
    <ignored/>
  </testcase> <!-- TC2 -->
</testsuite> <!-- Test -->
