<?xml version="1.0" encoding="UTF-8"?>
<testng-results ignored="0" total="3" passed="2" failed="1" skipped="0">
  <reporter-output>
  </reporter-output>
  <suite started-at="2022-09-19T17:47:22 IST" name="Suite" finished-at="2022-09-19T17:47:23 IST" duration-ms="771">
    <groups>
    </groups>
    <test started-at="2022-09-19T17:47:22 IST" name="Login Test" finished-at="2022-09-19T17:47:23 IST" duration-ms="675">
      <class name="extent_professionalDemo.LoginDemo">
        <test-method is-config="true" signature="InitializeLogin()[pri:0, instance:extent_professionalDemo.LoginDemo@73ee04c8]" started-at="2022-09-19T17:47:22 IST" name="InitializeLogin" finished-at="2022-09-19T17:47:22 IST" duration-ms="256" status="PASS">
          <reporter-output>
          </reporter-output>
        </test-method> <!-- InitializeLogin -->
        <test-method signature="Checking()[pri:0, instance:extent_professionalDemo.LoginDemo@73ee04c8]" started-at="2022-09-19T17:47:22 IST" name="Checking" finished-at="2022-09-19T17:47:22 IST" duration-ms="12" status="FAIL">
          <exception class="java.lang.AssertionError">
            <message>
              <![CDATA[null]]>
            </message>
            <full-stacktrace>
              <![CDATA[java.lang.AssertionError: null
at org.testng.Assert.fail(Assert.java:99)
at org.testng.Assert.fail(Assert.java:106)
at extent_professionalDemo.LoginDemo.Checking(LoginDemo.java:38)
at java.base/jdk.internal.reflect.DirectMethodHandleAccessor.invoke(DirectMethodHandleAccessor.java:104)
at java.base/java.lang.reflect.Method.invoke(Method.java:577)
at org.testng.internal.MethodInvocationHelper.invokeMethod(MethodInvocationHelper.java:133)
at org.testng.internal.TestInvoker.invokeMethod(TestInvoker.java:598)
at org.testng.internal.TestInvoker.invokeTestMethod(TestInvoker.java:173)
at org.testng.internal.MethodRunner.runInSequence(MethodRunner.java:46)
at org.testng.internal.TestInvoker$MethodInvocationAgent.invoke(TestInvoker.java:824)
at org.testng.internal.TestInvoker.invokeTestMethods(TestInvoker.java:146)
at org.testng.internal.TestMethodWorker.invokeTestMethods(TestMethodWorker.java:146)
at org.testng.internal.TestMethodWorker.run(TestMethodWorker.java:128)
at java.base/java.util.ArrayList.forEach(ArrayList.java:1511)
at org.testng.TestRunner.privateRun(TestRunner.java:794)
at org.testng.TestRunner.run(TestRunner.java:596)
at org.testng.SuiteRunner.runTest(SuiteRunner.java:377)
at org.testng.SuiteRunner.runSequentially(SuiteRunner.java:371)
at org.testng.SuiteRunner.privateRun(SuiteRunner.java:332)
at org.testng.SuiteRunner.run(SuiteRunner.java:276)
at org.testng.SuiteRunnerWorker.runSuite(SuiteRunnerWorker.java:53)
at org.testng.SuiteRunnerWorker.run(SuiteRunnerWorker.java:96)
at org.testng.TestNG.runSuitesSequentially(TestNG.java:1212)
at org.testng.TestNG.runSuitesLocally(TestNG.java:1134)
at org.testng.TestNG.runSuites(TestNG.java:1063)
at org.testng.TestNG.run(TestNG.java:1031)
at org.testng.remote.AbstractRemoteTestNG.run(AbstractRemoteTestNG.java:115)
at org.testng.remote.RemoteTestNG.initAndRun(RemoteTestNG.java:251)
at org.testng.remote.RemoteTestNG.main(RemoteTestNG.java:77)
]]>
            </full-stacktrace>
          </exception> <!-- java.lang.AssertionError -->
          <reporter-output>
          </reporter-output>
        </test-method> <!-- Checking -->
        <test-method is-config="true" signature="Finish()[pri:0, instance:extent_professionalDemo.LoginDemo@73ee04c8]" started-at="2022-09-19T17:47:22 IST" name="Finish" finished-at="2022-09-19T17:47:23 IST" duration-ms="360" status="PASS">
          <reporter-output>
          </reporter-output>
        </test-method> <!-- Finish -->
      </class> <!-- extent_professionalDemo.LoginDemo -->
    </test> <!-- Login Test -->
    <test started-at="2022-09-19T17:47:23 IST" name="Registation Test" finished-at="2022-09-19T17:47:23 IST" duration-ms="27">
      <class name="extent_professionalDemo.RegistDemo">
        <test-method is-config="true" signature="Registation()[pri:0, instance:extent_professionalDemo.RegistDemo@28f3b248]" started-at="2022-09-19T17:47:23 IST" name="Registation" finished-at="2022-09-19T17:47:23 IST" duration-ms="0" status="PASS">
          <reporter-output>
          </reporter-output>
        </test-method> <!-- Registation -->
        <test-method signature="Uses()[pri:0, instance:extent_professionalDemo.RegistDemo@28f3b248]" started-at="2022-09-19T17:47:23 IST" name="Uses" finished-at="2022-09-19T17:47:23 IST" duration-ms="3" status="PASS">
          <reporter-output>
          </reporter-output>
        </test-method> <!-- Uses -->
        <test-method is-config="true" signature="End()[pri:0, instance:extent_professionalDemo.RegistDemo@28f3b248]" started-at="2022-09-19T17:47:23 IST" name="End" finished-at="2022-09-19T17:47:23 IST" duration-ms="19" status="PASS">
          <reporter-output>
          </reporter-output>
        </test-method> <!-- End -->
      </class> <!-- extent_professionalDemo.RegistDemo -->
    </test> <!-- Registation Test -->
    <test started-at="2022-09-19T17:47:23 IST" name="Logout Test" finished-at="2022-09-19T17:47:23 IST" duration-ms="27">
      <class name="extent_professionalDemo.LogoutTestDemo">
        <test-method is-config="true" signature="Logout()[pri:0, instance:extent_professionalDemo.LogoutTestDemo@67c33749]" started-at="2022-09-19T17:47:23 IST" name="Logout" finished-at="2022-09-19T17:47:23 IST" duration-ms="1" status="PASS">
          <reporter-output>
          </reporter-output>
        </test-method> <!-- Logout -->
        <test-method signature="click()[pri:0, instance:extent_professionalDemo.LogoutTestDemo@67c33749]" started-at="2022-09-19T17:47:23 IST" name="click" finished-at="2022-09-19T17:47:23 IST" duration-ms="1" status="PASS">
          <reporter-output>
          </reporter-output>
        </test-method> <!-- click -->
        <test-method is-config="true" signature="End()[pri:0, instance:extent_professionalDemo.LogoutTestDemo@67c33749]" started-at="2022-09-19T17:47:23 IST" name="End" finished-at="2022-09-19T17:47:23 IST" duration-ms="21" status="PASS">
          <reporter-output>
          </reporter-output>
        </test-method> <!-- End -->
      </class> <!-- extent_professionalDemo.LogoutTestDemo -->
    </test> <!-- Logout Test -->
  </suite> <!-- Suite -->
</testng-results>
