<?xml version="1.0" encoding="UTF-8"?>
<testng-results ignored="2" total="5" passed="3" failed="0" skipped="0">
  <reporter-output>
  </reporter-output>
  <suite started-at="2022-09-13T12:52:04 IST" name="Suite" finished-at="2022-09-13T12:52:04 IST" duration-ms="69">
    <groups>
      <group name="smoke">
        <method signature="GroupingDemo.TC1()[pri:0, instance:com.nt.partice.GroupingDemo@d6e7bab]" name="TC1" class="com.nt.partice.GroupingDemo"/>
      </group> <!-- smoke -->
      <group name="sanity">
        <method signature="GroupingDemo.TC4()[pri:0, instance:com.nt.partice.GroupingDemo@d6e7bab]" name="TC4" class="com.nt.partice.GroupingDemo"/>
      </group> <!-- sanity -->
      <group name="Linux.regression">
        <method signature="GroupingDemo.TC5()[pri:0, instance:com.nt.partice.GroupingDemo@d6e7bab]" name="TC5" class="com.nt.partice.GroupingDemo"/>
      </group> <!-- Linux.regression -->
      <group name="Window.drug">
        <method signature="GroupingDemo.TC4()[pri:0, instance:com.nt.partice.GroupingDemo@d6e7bab]" name="TC4" class="com.nt.partice.GroupingDemo"/>
      </group> <!-- Window.drug -->
      <group name="Groupingpratice">
        <method signature="GroupingDemo.TC1()[pri:0, instance:com.nt.partice.GroupingDemo@d6e7bab]" name="TC1" class="com.nt.partice.GroupingDemo"/>
        <method signature="GroupingDemo.TC4()[pri:0, instance:com.nt.partice.GroupingDemo@d6e7bab]" name="TC4" class="com.nt.partice.GroupingDemo"/>
        <method signature="GroupingDemo.TC5()[pri:0, instance:com.nt.partice.GroupingDemo@d6e7bab]" name="TC5" class="com.nt.partice.GroupingDemo"/>
      </group> <!-- Groupingpratice -->
    </groups>
    <test started-at="2022-09-13T12:52:04 IST" name="Test" finished-at="2022-09-13T12:52:04 IST" duration-ms="69">
      <class name="com.nt.partice.GroupingDemo">
        <test-method signature="TC1()[pri:0, instance:com.nt.partice.GroupingDemo@d6e7bab]" started-at="2022-09-13T12:52:04 IST" name="TC1" finished-at="2022-09-13T12:52:04 IST" duration-ms="11" status="PASS">
          <reporter-output>
          </reporter-output>
        </test-method> <!-- TC1 -->
        <test-method signature="TC4()[pri:0, instance:com.nt.partice.GroupingDemo@d6e7bab]" started-at="2022-09-13T12:52:04 IST" name="TC4" finished-at="2022-09-13T12:52:04 IST" duration-ms="2" status="PASS">
          <reporter-output>
          </reporter-output>
        </test-method> <!-- TC4 -->
        <test-method signature="TC5()[pri:0, instance:com.nt.partice.GroupingDemo@d6e7bab]" started-at="2022-09-13T12:52:04 IST" name="TC5" finished-at="2022-09-13T12:52:04 IST" duration-ms="3" status="PASS">
          <reporter-output>
          </reporter-output>
        </test-method> <!-- TC5 -->
      </class> <!-- com.nt.partice.GroupingDemo -->
    </test> <!-- Test -->
  </suite> <!-- Suite -->
</testng-results>
