<?xml version="1.0" encoding="UTF-8"?>
<!-- Generated by org.testng.reporters.JUnitXMLReporter -->
<testsuite ignored="0" hostname="Runubala" failures="0" tests="3" name="Default test" time="0.062" errors="0" timestamp="2022-09-16T10:54:53 IST">
  <testcase classname="com.nt.TestngDemo3.Demo3" name="DemoTestngSecond" time="0.011"/>
  <testcase classname="com.nt.TestngDemo3.Demo3" name="DemoTestngSecond1" time="0.002"/>
  <testcase classname="com.nt.TestngDemo3.Demo3" name="DemoTestngSecond2" time="0.003"/>
</testsuite> <!-- Default test -->
