<?xml version="1.0" encoding="UTF-8"?>
<!-- Generated by org.testng.reporters.JUnitXMLReporter -->
<testsuite ignored="0" hostname="Runubala" failures="1" tests="1" name="Login Test" time="0.675" errors="0" timestamp="2022-09-19T17:47:23 IST">
  <testcase classname="extent_professionalDemo.LoginDemo" name="Checking" time="0.012">
    <failure type="java.lang.AssertionError" message="null">
      <![CDATA[java.lang.AssertionError: null
at extent_professionalDemo.LoginDemo.Checking(LoginDemo.java:38)
at java.base/java.util.ArrayList.forEach(ArrayList.java:1511)
... Removed 27 stack frames]]>
    </failure>
  </testcase> <!-- Checking -->
</testsuite> <!-- Login Test -->
