<?xml version="1.0" encoding="UTF-8"?>
<!-- Generated by org.testng.reporters.JUnitXMLReporter -->
<testsuite ignored="0" hostname="Runubala" failures="1" tests="1" name="TestLogin Demo" time="0.658" errors="0" timestamp="2022-09-19T13:26:45 IST">
  <testcase classname="extent_perfessional.LoginTestDemo" name="Checking" time="0.014">
    <failure type="java.lang.AssertionError" message="null">
      <![CDATA[java.lang.AssertionError: null
at extent_perfessional.LoginTestDemo.Checking(LoginTestDemo.java:38)
at java.base/java.util.ArrayList.forEach(ArrayList.java:1511)
... Removed 27 stack frames]]>
    </failure>
  </testcase> <!-- Checking -->
</testsuite> <!-- TestLogin Demo -->
